<?xml version="1.0" encoding="UTF-8"?>
<testsuite xmlns:xsi="http://www.w3.org/2001/XMLSchema-instance" xsi:noNamespaceSchemaLocation="https://maven.apache.org/surefire/maven-surefire-plugin/xsd/surefire-test-report-3.0.xsd" version="3.0" name="TestSuite" time="9.817" tests="1" errors="0" skipped="0" failures="0">
  <properties>
    <property name="sun.desktop" value="windows"/>
    <property name="awt.toolkit" value="sun.awt.windows.WToolkit"/>
    <property name="java.specification.version" value="12"/>
    <property name="sun.cpu.isalist" value="amd64"/>
    <property name="sun.jnu.encoding" value="Cp1252"/>
    <property name="java.class.path" value="C:\Keyur-Data\Key-Demo-Selenium08072019\artifactiddemo\target\test-classes;C:\Keyur-Data\Key-Demo-Selenium08072019\artifactiddemo\target\classes;C:\Users\sc\.m2\repository\org\seleniumhq\selenium\selenium-java\4.0.0-alpha-2\selenium-java-4.0.0-alpha-2.jar;C:\Users\sc\.m2\repository\org\seleniumhq\selenium\selenium-chrome-driver\4.0.0-alpha-2\selenium-chrome-driver-4.0.0-alpha-2.jar;C:\Users\sc\.m2\repository\org\seleniumhq\selenium\selenium-chromium-driver\4.0.0-alpha-2\selenium-chromium-driver-4.0.0-alpha-2.jar;C:\Users\sc\.m2\repository\org\seleniumhq\selenium\selenium-edgehtml-driver\4.0.0-alpha-2\selenium-edgehtml-driver-4.0.0-alpha-2.jar;C:\Users\sc\.m2\repository\org\seleniumhq\selenium\selenium-edge-driver\4.0.0-alpha-2\selenium-edge-driver-4.0.0-alpha-2.jar;C:\Users\sc\.m2\repository\org\seleniumhq\selenium\selenium-firefox-xpi-driver\4.0.0-alpha-2\selenium-firefox-xpi-driver-4.0.0-alpha-2.jar;C:\Users\sc\.m2\repository\org\seleniumhq\selenium\selenium-firefox-driver\4.0.0-alpha-2\selenium-firefox-driver-4.0.0-alpha-2.jar;C:\Users\sc\.m2\repository\org\seleniumhq\selenium\selenium-ie-driver\4.0.0-alpha-2\selenium-ie-driver-4.0.0-alpha-2.jar;C:\Users\sc\.m2\repository\org\seleniumhq\selenium\selenium-remote-driver\4.0.0-alpha-2\selenium-remote-driver-4.0.0-alpha-2.jar;C:\Users\sc\.m2\repository\org\seleniumhq\selenium\selenium-api\4.0.0-alpha-2\selenium-api-4.0.0-alpha-2.jar;C:\Users\sc\.m2\repository\net\bytebuddy\byte-buddy\1.9.12\byte-buddy-1.9.12.jar;C:\Users\sc\.m2\repository\org\apache\commons\commons-exec\1.3\commons-exec-1.3.jar;C:\Users\sc\.m2\repository\io\opentracing\contrib\opentracing-tracerresolver\0.1.7\opentracing-tracerresolver-0.1.7.jar;C:\Users\sc\.m2\repository\io\opentracing\opentracing-api\0.33.0\opentracing-api-0.33.0.jar;C:\Users\sc\.m2\repository\com\google\guava\guava\27.1-jre\guava-27.1-jre.jar;C:\Users\sc\.m2\repository\com\google\guava\failureaccess\1.0.1\failureaccess-1.0.1.jar;C:\Users\sc\.m2\repository\com\google\guava\listenablefuture\9999.0-empty-to-avoid-conflict-with-guava\listenablefuture-9999.0-empty-to-avoid-conflict-with-guava.jar;C:\Users\sc\.m2\repository\com\google\code\findbugs\jsr305\3.0.2\jsr305-3.0.2.jar;C:\Users\sc\.m2\repository\org\checkerframework\checker-qual\2.5.2\checker-qual-2.5.2.jar;C:\Users\sc\.m2\repository\com\google\errorprone\error_prone_annotations\2.2.0\error_prone_annotations-2.2.0.jar;C:\Users\sc\.m2\repository\com\google\j2objc\j2objc-annotations\1.1\j2objc-annotations-1.1.jar;C:\Users\sc\.m2\repository\org\codehaus\mojo\animal-sniffer-annotations\1.17\animal-sniffer-annotations-1.17.jar;C:\Users\sc\.m2\repository\com\squareup\okhttp3\okhttp\3.14.0\okhttp-3.14.0.jar;C:\Users\sc\.m2\repository\com\squareup\okio\okio\1.17.2\okio-1.17.2.jar;C:\Users\sc\.m2\repository\io\opentracing\opentracing-util\0.33.0\opentracing-util-0.33.0.jar;C:\Users\sc\.m2\repository\io\opentracing\opentracing-noop\0.33.0\opentracing-noop-0.33.0.jar;C:\Users\sc\.m2\repository\org\seleniumhq\selenium\selenium-opera-driver\4.0.0-alpha-2\selenium-opera-driver-4.0.0-alpha-2.jar;C:\Users\sc\.m2\repository\org\seleniumhq\selenium\selenium-safari-driver\4.0.0-alpha-2\selenium-safari-driver-4.0.0-alpha-2.jar;C:\Users\sc\.m2\repository\org\seleniumhq\selenium\selenium-support\4.0.0-alpha-2\selenium-support-4.0.0-alpha-2.jar;C:\Users\sc\.m2\repository\org\testng\testng\7.0.0-beta7\testng-7.0.0-beta7.jar;C:\Users\sc\.m2\repository\com\beust\jcommander\1.72\jcommander-1.72.jar;"/>
    <property name="java.vm.vendor" value="Oracle Corporation"/>
    <property name="sun.arch.data.model" value="64"/>
    <property name="user.variant" value=""/>
    <property name="java.vendor.url" value="https://java.oracle.com/"/>
    <property name="user.timezone" value="Asia/Calcutta"/>
    <property name="os.name" value="Windows 10"/>
    <property name="java.vm.specification.version" value="12"/>
    <property name="sun.java.launcher" value="SUN_STANDARD"/>
    <property name="user.country" value="IN"/>
    <property name="sun.boot.library.path" value="C:\Program Files\Java\jdk-12.0.1\bin"/>
    <property name="sun.java.command" value="C:\Users\sc\AppData\Local\Temp\surefire12196755057975704844\surefirebooter9161900902467024848.jar C:\Users\sc\AppData\Local\Temp\surefire12196755057975704844 2019-07-08T16-19-41_865-jvmRun1 surefire8820435468482021777tmp surefire_010752909195002043170tmp"/>
    <property name="jdk.debug" value="release"/>
    <property name="surefire.test.class.path" value="C:\Keyur-Data\Key-Demo-Selenium08072019\artifactiddemo\target\test-classes;C:\Keyur-Data\Key-Demo-Selenium08072019\artifactiddemo\target\classes;C:\Users\sc\.m2\repository\org\seleniumhq\selenium\selenium-java\4.0.0-alpha-2\selenium-java-4.0.0-alpha-2.jar;C:\Users\sc\.m2\repository\org\seleniumhq\selenium\selenium-chrome-driver\4.0.0-alpha-2\selenium-chrome-driver-4.0.0-alpha-2.jar;C:\Users\sc\.m2\repository\org\seleniumhq\selenium\selenium-chromium-driver\4.0.0-alpha-2\selenium-chromium-driver-4.0.0-alpha-2.jar;C:\Users\sc\.m2\repository\org\seleniumhq\selenium\selenium-edgehtml-driver\4.0.0-alpha-2\selenium-edgehtml-driver-4.0.0-alpha-2.jar;C:\Users\sc\.m2\repository\org\seleniumhq\selenium\selenium-edge-driver\4.0.0-alpha-2\selenium-edge-driver-4.0.0-alpha-2.jar;C:\Users\sc\.m2\repository\org\seleniumhq\selenium\selenium-firefox-xpi-driver\4.0.0-alpha-2\selenium-firefox-xpi-driver-4.0.0-alpha-2.jar;C:\Users\sc\.m2\repository\org\seleniumhq\selenium\selenium-firefox-driver\4.0.0-alpha-2\selenium-firefox-driver-4.0.0-alpha-2.jar;C:\Users\sc\.m2\repository\org\seleniumhq\selenium\selenium-ie-driver\4.0.0-alpha-2\selenium-ie-driver-4.0.0-alpha-2.jar;C:\Users\sc\.m2\repository\org\seleniumhq\selenium\selenium-remote-driver\4.0.0-alpha-2\selenium-remote-driver-4.0.0-alpha-2.jar;C:\Users\sc\.m2\repository\org\seleniumhq\selenium\selenium-api\4.0.0-alpha-2\selenium-api-4.0.0-alpha-2.jar;C:\Users\sc\.m2\repository\net\bytebuddy\byte-buddy\1.9.12\byte-buddy-1.9.12.jar;C:\Users\sc\.m2\repository\org\apache\commons\commons-exec\1.3\commons-exec-1.3.jar;C:\Users\sc\.m2\repository\io\opentracing\contrib\opentracing-tracerresolver\0.1.7\opentracing-tracerresolver-0.1.7.jar;C:\Users\sc\.m2\repository\io\opentracing\opentracing-api\0.33.0\opentracing-api-0.33.0.jar;C:\Users\sc\.m2\repository\com\google\guava\guava\27.1-jre\guava-27.1-jre.jar;C:\Users\sc\.m2\repository\com\google\guava\failureaccess\1.0.1\failureaccess-1.0.1.jar;C:\Users\sc\.m2\repository\com\google\guava\listenablefuture\9999.0-empty-to-avoid-conflict-with-guava\listenablefuture-9999.0-empty-to-avoid-conflict-with-guava.jar;C:\Users\sc\.m2\repository\com\google\code\findbugs\jsr305\3.0.2\jsr305-3.0.2.jar;C:\Users\sc\.m2\repository\org\checkerframework\checker-qual\2.5.2\checker-qual-2.5.2.jar;C:\Users\sc\.m2\repository\com\google\errorprone\error_prone_annotations\2.2.0\error_prone_annotations-2.2.0.jar;C:\Users\sc\.m2\repository\com\google\j2objc\j2objc-annotations\1.1\j2objc-annotations-1.1.jar;C:\Users\sc\.m2\repository\org\codehaus\mojo\animal-sniffer-annotations\1.17\animal-sniffer-annotations-1.17.jar;C:\Users\sc\.m2\repository\com\squareup\okhttp3\okhttp\3.14.0\okhttp-3.14.0.jar;C:\Users\sc\.m2\repository\com\squareup\okio\okio\1.17.2\okio-1.17.2.jar;C:\Users\sc\.m2\repository\io\opentracing\opentracing-util\0.33.0\opentracing-util-0.33.0.jar;C:\Users\sc\.m2\repository\io\opentracing\opentracing-noop\0.33.0\opentracing-noop-0.33.0.jar;C:\Users\sc\.m2\repository\org\seleniumhq\selenium\selenium-opera-driver\4.0.0-alpha-2\selenium-opera-driver-4.0.0-alpha-2.jar;C:\Users\sc\.m2\repository\org\seleniumhq\selenium\selenium-safari-driver\4.0.0-alpha-2\selenium-safari-driver-4.0.0-alpha-2.jar;C:\Users\sc\.m2\repository\org\seleniumhq\selenium\selenium-support\4.0.0-alpha-2\selenium-support-4.0.0-alpha-2.jar;C:\Users\sc\.m2\repository\org\testng\testng\7.0.0-beta7\testng-7.0.0-beta7.jar;C:\Users\sc\.m2\repository\com\beust\jcommander\1.72\jcommander-1.72.jar;"/>
    <property name="sun.cpu.endian" value="little"/>
    <property name="user.home" value="C:\Users\sc"/>
    <property name="user.language" value="en"/>
    <property name="java.specification.vendor" value="Oracle Corporation"/>
    <property name="java.version.date" value="2019-04-16"/>
    <property name="java.home" value="C:\Program Files\Java\jdk-12.0.1"/>
    <property name="file.separator" value="\"/>
    <property name="basedir" value="C:\Keyur-Data\Key-Demo-Selenium08072019\artifactiddemo"/>
    <property name="java.vm.compressedOopsMode" value="Zero based"/>
    <property name="line.separator" value="&#10;"/>
    <property name="java.vm.specification.vendor" value="Oracle Corporation"/>
    <property name="java.specification.name" value="Java Platform API Specification"/>
    <property name="java.awt.graphicsenv" value="sun.awt.Win32GraphicsEnvironment"/>
    <property name="surefire.real.class.path" value="C:\Users\sc\AppData\Local\Temp\surefire12196755057975704844\surefirebooter9161900902467024848.jar"/>
    <property name="user.script" value=""/>
    <property name="sun.management.compiler" value="HotSpot 64-Bit Tiered Compilers"/>
    <property name="java.runtime.version" value="12.0.1+12"/>
    <property name="user.name" value="sc"/>
    <property name="path.separator" value=";"/>
    <property name="os.version" value="10.0"/>
    <property name="java.runtime.name" value="Java(TM) SE Runtime Environment"/>
    <property name="file.encoding" value="Cp1252"/>
    <property name="java.vm.name" value="Java HotSpot(TM) 64-Bit Server VM"/>
    <property name="localRepository" value="C:\Users\sc\.m2\repository"/>
    <property name="java.vendor.url.bug" value="https://bugreport.java.com/bugreport/"/>
    <property name="java.io.tmpdir" value="C:\Users\sc\AppData\Local\Temp\"/>
    <property name="java.version" value="12.0.1"/>
    <property name="user.dir" value="C:\Keyur-Data\Key-Demo-Selenium08072019\artifactiddemo"/>
    <property name="os.arch" value="amd64"/>
    <property name="java.vm.specification.name" value="Java Virtual Machine Specification"/>
    <property name="sun.os.patch.level" value=""/>
    <property name="java.library.path" value="C:\Program Files\Java\jdk-12.0.1\bin;C:\WINDOWS\Sun\Java\bin;C:\WINDOWS\system32;C:\WINDOWS;C:/Program Files/Java/jdk-12.0.1/bin/server;C:/Program Files/Java/jdk-12.0.1/bin;&quot;C:\Program Files (x86)\Common Files\Oracle\Java\javapath;C:\Program Files\gradle-4.2-all\gradle-4.2\bin&quot;;C:\Program Files (x86)\Lenovo\FusionEngine;C:\WINDOWS\system32;C:\WINDOWS;C:\WINDOWS\System32\Wbem;C:\WINDOWS\System32\WindowsPowerShell\v1.0\;C:\Program Files (x86)\Common Files\lenovo\easyplussdk\bin;C:\Program Files (x86)\ATI Technologies\ATI.ACE\Core-Static;C:\Program Files\TortoiseGit\bin;C:\Program Files\TortoiseSVN\bin;C:\WINDOWS\System32\OpenSSH\;C:\Program Files\dotnet\;C:\Program Files\Microsoft SQL Server\Client SDK\ODBC\110\Tools\Binn\;C:\Program Files (x86)\Microsoft SQL Server\120\Tools\Binn\ManagementStudio\;C:\Program Files (x86)\Microsoft SQL Server\120\Tools\Binn\;C:\Program Files\Microsoft SQL Server\120\Tools\Binn\;C:\Program Files (x86)\Microsoft SQL Server\120\DTS\Binn\;C:\Program Files\Microsoft SQL Server\120\DTS\Binn\;C:\Program Files\Microsoft SQL Server\130\Tools\Binn\;C:\Program Files\Git\cmd;C:\Program Files\PuTTY\;C:\Program Files\MySQL\MySQL Utilities 1.6\;C:\Program Files\Java\jdk1.8.0_211\bin;C:\Program Files\nodejs\;C:\Users\sc\AppData\Local\Android\Sdk\tools;C:\Users\sc\AppData\Local\Android\Sdk\platform-tools;C:\Program Files\MySQL\MySQL Shell 8.0\bin\;C:\Program Files\Java\jdk1.8.0_211\bin;C:\Program Files\gradle-4.2-all\gradle-4.2\bin;C:\Users\sc\AppData\Roaming\npm;C:\WINDOWS\system32;;."/>
    <property name="java.vm.info" value="mixed mode, sharing"/>
    <property name="java.vendor" value="Oracle Corporation"/>
    <property name="java.vm.version" value="12.0.1+12"/>
    <property name="sun.io.unicode.encoding" value="UnicodeLittle"/>
    <property name="java.class.version" value="56.0"/>
  </properties>
  <testcase name="demo1111" classname="demopackage.demotest1" time="8.058"/>
</testsuite>