<?xml version="1.0" encoding="UTF-8"?>
<!-- Generated by org.testng.reporters.JUnitReportReporter -->
<testsuite hostname="SIL-WIN-6" failures="0" tests="1" name="demopackage.demotest1" time="7.820" errors="0" timestamp="08 Jul 2019 10:11:27 GMT" skipped="0">
  <testcase classname="demopackage.demotest1" name="demo1111" time="7.820"/>
</testsuite> <!-- demopackage.demotest1 -->
