<?xml version="1.0" encoding="UTF-8"?>
<!-- Generated by org.testng.reporters.JUnitReportReporter -->
<testsuite hostname="SIL-WIN-6" failures="0" tests="1" name="demopackage.demotest1" time="8.055" errors="0" timestamp="2019-07-08T16:19:52 IST" skipped="0">
  <testcase classname="demopackage.demotest1" name="demo1111" time="8.055"/>
</testsuite> <!-- demopackage.demotest1 -->
